0 info it worked if it ends with ok
1 verbose cli [ '/usr/local/bin/node',
1 verbose cli   '/usr/local/bin/npm',
1 verbose cli   'uninstall',
1 verbose cli   '-g',
1 verbose cli   'eslint' ]
2 info using npm@1.4.28
3 info using node@v0.10.40
4 verbose lib/node_modules/eslint unbuild
5 info preuninstall eslint@1.9.0
6 info uninstall eslint@1.9.0
7 verbose true,/usr/local/lib/node_modules,/usr/local/lib/node_modules unbuild eslint@1.9.0
8 verbose /usr/local/bin,[object Object] binRoot
9 error Error: EACCES, unlink '/usr/local/bin/eslint'
9 error  { [Error: EACCES, unlink '/usr/local/bin/eslint'] errno: 3, code: 'EACCES', path: '/usr/local/bin/eslint' }
10 error Please try running this command again as root/Administrator.
11 error System Darwin 15.0.0
12 error command "/usr/local/bin/node" "/usr/local/bin/npm" "uninstall" "-g" "eslint"
13 error cwd /Users/leo/Sites/react-demo
14 error node -v v0.10.40
15 error npm -v 1.4.28
16 error path /usr/local/bin/eslint
17 error code EACCES
18 error errno 3
19 error stack Error: EACCES, unlink '/usr/local/bin/eslint'
20 verbose exit [ 3, true ]
